<?xml version="1.0" encoding="UTF-8"?>
<!-- Generated by org.testng.reporters.JUnitReportReporter -->
<testsuite hostname="Sanchits-MacBook-Air.local" failures="0" tests="1" name="cucumber.TestNGRunner" time="20.341" errors="0" timestamp="2022-09-29T21:57:54 EDT" skipped="0">
  <testcase classname="cucumber.TestNGRunner" name="runScenario" time="20.341"/>
  <system-out/>
</testsuite> <!-- cucumber.TestNGRunner -->
