<?xml version="1.0" encoding="UTF-8"?>
<!-- Generated by org.testng.reporters.JUnitReportReporter -->
<testsuite hostname="Sanchits-MacBook-Air.local" failures="0" tests="1" name="SanchitFramework.InstaCart.HouseHoldEssentials" time="26.726" errors="0" timestamp="2022-09-29T18:46:24 EDT" skipped="0">
  <testcase classname="SanchitFramework.InstaCart.HouseHoldEssentials" name="houseHoldEssentialAssignment" time="26.726"/>
  <system-out/>
</testsuite> <!-- SanchitFramework.InstaCart.HouseHoldEssentials -->
