<?xml version="1.0" encoding="UTF-8"?>
<!-- Generated by org.testng.reporters.JUnitReportReporter -->
<testsuite hostname="Sanchits-MacBook-Air.local" failures="0" tests="1" name="SanchitFramework.TestCases.TestCase1" time="23.447" errors="0" timestamp="2022-09-29T17:20:51 EDT" skipped="0">
  <testcase classname="SanchitFramework.TestCases.TestCase1" name="submitOrder" time="23.447"/>
  <system-out/>
</testsuite> <!-- SanchitFramework.TestCases.TestCase1 -->
